生成启动时间为 11/20/2013 3:11:21 PM。
     1>项目“E:\MyCode\OpenCV\MyOpenCV\OpenCVHello\OpenCVHello\OpenCVHello\OpenCVHello.vcxproj”在节点 2 上(rebuild 个目标)。
     1>_PrepareForClean:
         正在删除文件“Debug\OpenCVHello.lastbuildstate”。
       InitializeBuildStatus:
         正在对“Debug\OpenCVHello.unsuccessfulbuild”执行 Touch 任务。
       ClCompile:
         C:\Program Files (x86)\Microsoft Visual Studio 10.0\VC\bin\CL.exe /c /ID:\OpenCV\vs2010\install\include /ZI /nologo /W3 /WX- /Od /Oy- /D WIN32 /D _DEBUG /D _CONSOLE /D _MBCS /Gm /EHsc /RTC1 /MDd /GS /fp:precise /Zc:wchar_t /Zc:forScope /Yc"StdAfx.h" /Fp"Debug\OpenCVHello.pch" /Fo"Debug\\" /Fd"Debug\vc100.pdb" /Gd /TP /analyze- /errorReport:prompt /FAu stdafx.cpp
         stdafx.cpp
         C:\Program Files (x86)\Microsoft Visual Studio 10.0\VC\bin\CL.exe /c /ID:\OpenCV\vs2010\install\include /ZI /nologo /W3 /WX- /Od /Oy- /D WIN32 /D _DEBUG /D _CONSOLE /D _MBCS /Gm /EHsc /RTC1 /MDd /GS /fp:precise /Zc:wchar_t /Zc:forScope /Yu"StdAfx.h" /Fp"Debug\OpenCVHello.pch" /Fo"Debug\\" /Fd"Debug\vc100.pdb" /Gd /TP /analyze- /errorReport:prompt /FAu OpenCVHello.cpp
         OpenCVHello.cpp
       Link:
         C:\Program Files (x86)\Microsoft Visual Studio 10.0\VC\bin\link.exe /ERRORREPORT:PROMPT /OUT:"E:\MyCode\OpenCV\MyOpenCV\OpenCVHello\OpenCVHello\Debug\OpenCVHello.exe" /NOLOGO /LIBPATH:D:\OpenCV\vs2010\lib opencv_core300d.lib opencv_imgproc300d.lib opencv_highgui300d.lib opencv_ml300d.lib opencv_video300d.lib opencv_features2d300d.lib opencv_calib3d300d.lib opencv_objdetect300d.lib opencv_contrib300d.lib opencv_legacy300d.lib opencv_flann300d.lib kernel32.lib user32.lib gdi32.lib winspool.lib comdlg32.lib advapi32.lib shell32.lib ole32.lib oleaut32.lib uuid.lib odbc32.lib odbccp32.lib /MANIFEST /ManifestFile:"Debug\OpenCVHello.exe.intermediate.manifest" /MANIFESTUAC:"level='asInvoker' uiAccess='false'" /DEBUG /PDB:"E:\MyCode\OpenCV\MyOpenCV\OpenCVHello\OpenCVHello\Debug\OpenCVHello.pdb" /SUBSYSTEM:CONSOLE /TLBID:1 /DYNAMICBASE /NXCOMPAT /IMPLIB:"E:\MyCode\OpenCV\MyOpenCV\OpenCVHello\OpenCVHello\Debug\OpenCVHello.lib" /MACHINE:X86 Debug\OpenCVHello.obj
         Debug\stdafx.obj
         OpenCVHello.vcxproj -> E:\MyCode\OpenCV\MyOpenCV\OpenCVHello\OpenCVHello\Debug\OpenCVHello.exe
       Manifest:
         C:\Program Files (x86)\Microsoft SDKs\Windows\v7.0A\bin\mt.exe /nologo /verbose /outputresource:"E:\MyCode\OpenCV\MyOpenCV\OpenCVHello\OpenCVHello\Debug\OpenCVHello.exe;#1" /manifest Debug\OpenCVHello.exe.intermediate.manifest
       FinalizeBuildStatus:
         正在删除文件“Debug\OpenCVHello.unsuccessfulbuild”。
         正在对“Debug\OpenCVHello.lastbuildstate”执行 Touch 任务。
     1>已完成生成项目“E:\MyCode\OpenCV\MyOpenCV\OpenCVHello\OpenCVHello\OpenCVHello\OpenCVHello.vcxproj”(rebuild 个目标)的操作。

生成成功。

已用时间 00:00:00.37
