D:\MYPROJECT\MYOPENCV\OPENCVHELLO\OPENCVHELLO\DEBUG\OPENCVHELLO.EXE
D:\MYPROJECT\MYOPENCV\OPENCVHELLO\OPENCVHELLO\DEBUG\OPENCVHELLO.ILK
D:\MYPROJECT\MYOPENCV\OPENCVHELLO\OPENCVHELLO\DEBUG\OPENCVHELLO.PDB
D:\MyProject\MyOpenCV\OpenCVHello\OpenCVHello\OpenCVHello\Debug\cl.command.1.tlog
D:\MyProject\MyOpenCV\OpenCVHello\OpenCVHello\OpenCVHello\Debug\CL.read.1.tlog
D:\MyProject\MyOpenCV\OpenCVHello\OpenCVHello\OpenCVHello\Debug\CL.write.1.tlog
D:\MyProject\MyOpenCV\OpenCVHello\OpenCVHello\OpenCVHello\Debug\link.command.1.tlog
D:\MyProject\MyOpenCV\OpenCVHello\OpenCVHello\OpenCVHello\Debug\link.read.1.tlog
D:\MyProject\MyOpenCV\OpenCVHello\OpenCVHello\OpenCVHello\Debug\link.write.1.tlog
D:\MyProject\MyOpenCV\OpenCVHello\OpenCVHello\OpenCVHello\Debug\mt.command.1.tlog
D:\MyProject\MyOpenCV\OpenCVHello\OpenCVHello\OpenCVHello\Debug\mt.read.1.tlog
D:\MyProject\MyOpenCV\OpenCVHello\OpenCVHello\OpenCVHello\Debug\mt.write.1.tlog
D:\MYPROJECT\MYOPENCV\OPENCVHELLO\OPENCVHELLO\OPENCVHELLO\DEBUG\OPENCVHELLO.EXE.INTERMEDIATE.MANIFEST
D:\MYPROJECT\MYOPENCV\OPENCVHELLO\OPENCVHELLO\OPENCVHELLO\DEBUG\OPENCVHELLO.OBJ
D:\MYPROJECT\MYOPENCV\OPENCVHELLO\OPENCVHELLO\OPENCVHELLO\DEBUG\OPENCVHELLO.PCH
D:\MyProject\MyOpenCV\OpenCVHello\OpenCVHello\OpenCVHello\Debug\OpenCVHello.vcxprojResolveAssemblyReference.cache
D:\MyProject\MyOpenCV\OpenCVHello\OpenCVHello\OpenCVHello\Debug\OpenCVHello.write.1.tlog
D:\MYPROJECT\MYOPENCV\OPENCVHELLO\OPENCVHELLO\OPENCVHELLO\DEBUG\STDAFX.OBJ
D:\MyProject\MyOpenCV\OpenCVHello\OpenCVHello\OpenCVHello\Debug\vc100.idb
D:\MYPROJECT\MYOPENCV\OPENCVHELLO\OPENCVHELLO\OPENCVHELLO\DEBUG\VC100.PDB
D:\MYPROJECT\MYOPENCV\OPENCVHELLO\OPENCVHELLO\OPENCVHELLO\OPENCVHELLO.ASM
D:\MYPROJECT\MYOPENCV\OPENCVHELLO\OPENCVHELLO\OPENCVHELLO\STDAFX.ASM
E:\MYCODE\OPENCV\MYOPENCV\OPENCVHELLO\OPENCVHELLO\DEBUG\OPENCVHELLO.EXE
E:\MYCODE\OPENCV\MYOPENCV\OPENCVHELLO\OPENCVHELLO\DEBUG\OPENCVHELLO.ILK
E:\MYCODE\OPENCV\MYOPENCV\OPENCVHELLO\OPENCVHELLO\DEBUG\OPENCVHELLO.PDB
E:\MYCODE\OPENCV\MYOPENCV\OPENCVHELLO\OPENCVHELLO\OPENCVHELLO\DEBUG\OPENCVHELLO.EXE.INTERMEDIATE.MANIFEST
E:\MYCODE\OPENCV\MYOPENCV\OPENCVHELLO\OPENCVHELLO\OPENCVHELLO\DEBUG\OPENCVHELLO.OBJ
E:\MYCODE\OPENCV\MYOPENCV\OPENCVHELLO\OPENCVHELLO\OPENCVHELLO\DEBUG\OPENCVHELLO.PCH
E:\MYCODE\OPENCV\MYOPENCV\OPENCVHELLO\OPENCVHELLO\OPENCVHELLO\DEBUG\STDAFX.OBJ
E:\MYCODE\OPENCV\MYOPENCV\OPENCVHELLO\OPENCVHELLO\OPENCVHELLO\DEBUG\VC100.PDB
E:\MYCODE\OPENCV\MYOPENCV\OPENCVHELLO\OPENCVHELLO\OPENCVHELLO\OPENCVHELLO.ASM
E:\MYCODE\OPENCV\MYOPENCV\OPENCVHELLO\OPENCVHELLO\OPENCVHELLO\STDAFX.ASM
